<?xml version="1.0" encoding="UTF-8"?>
<!-- Generated by org.testng.reporters.JUnitXMLReporter -->
<testsuite ignored="2" hostname="DESKTOP-KEVL5HM" failures="0" tests="1" name="Test" time="29.441" errors="0" timestamp="03 Oct 2019 20:00:54 GMT">
  <testcase classname="com.automationpractice.runner.BaseTest" name="existingUserLogin" time="8.94"/>
  <testcase classname="com.automationpractice.runner.BaseTest" name="buyProduct" time="0.0">
    <ignored/>
  </testcase> <!-- buyProduct -->
  <testcase classname="com.automationpractice.runner.BaseTest" name="registerUser" time="0.0">
    <ignored/>
  </testcase> <!-- registerUser -->
</testsuite> <!-- Test -->
