<?xml version="1.0" encoding="UTF-8"?>
<testng-results ignored="2" total="3" passed="1" failed="0" skipped="0">
  <reporter-output>
  </reporter-output>
  <suite started-at="2019-10-03T20:00:25Z" name="Suite" finished-at="2019-10-03T20:00:54Z" duration-ms="29441">
    <groups>
    </groups>
    <test started-at="2019-10-03T20:00:25Z" name="Test" finished-at="2019-10-03T20:00:54Z" duration-ms="29441">
      <class name="com.automationpractice.runner.BaseTest">
        <test-method is-config="true" signature="beforeClass()[pri:0, instance:com.automationpractice.runner.BaseTest@5a955565]" started-at="2019-10-03T20:00:25Z" name="beforeClass" finished-at="2019-10-03T20:00:44Z" duration-ms="19256" status="PASS">
          <reporter-output>
          </reporter-output>
        </test-method> <!-- beforeClass -->
        <test-method signature="existingUserLogin()[pri:2, instance:com.automationpractice.runner.BaseTest@5a955565]" started-at="2019-10-03T20:00:44Z" name="existingUserLogin" finished-at="2019-10-03T20:00:53Z" duration-ms="8940" status="PASS">
          <reporter-output>
          </reporter-output>
        </test-method> <!-- existingUserLogin -->
        <test-method is-config="true" signature="afterClass()[pri:0, instance:com.automationpractice.runner.BaseTest@5a955565]" started-at="2019-10-03T20:00:53Z" name="afterClass" finished-at="2019-10-03T20:00:54Z" duration-ms="1151" status="PASS">
          <reporter-output>
          </reporter-output>
        </test-method> <!-- afterClass -->
      </class> <!-- com.automationpractice.runner.BaseTest -->
    </test> <!-- Test -->
  </suite> <!-- Suite -->
</testng-results>
